[2017-03-06 15:11:28] START
[2017-03-06 15:13:56] EDIT my_wiki/models/db.py: 1
[2017-03-06 15:14:50] EDIT my_wiki/models/db.py: 4
[2017-03-06 15:19:09] EDIT my_wiki/models/db.py: 12
[2017-03-06 15:22:35] EDIT my_wiki/models/db.py: 6
[2017-03-06 15:30:47] EDIT my_wiki/models/db.py: 12
[2017-03-06 15:31:01] EDIT my_wiki/models/db.py: 0
[2017-03-06 15:31:05] EDIT my_wiki/models/db.py: 0
[2017-03-06 16:32:59] EDIT my_wiki/models/db.py: 0
[2017-03-06 16:40:25] EDIT my_wiki/controllers/default.py: 9
[2017-03-06 16:43:33] EDIT my_wiki/controllers/default.py: 8
[2017-03-06 16:44:41] EDIT my_wiki/controllers/default.py: 4
[2017-03-06 16:46:11] EDIT my_wiki/controllers/default.py: 3
[2017-03-06 16:47:58] EDIT my_wiki/models/db.py: 0
[2017-03-06 16:48:41] EDIT my_wiki/models/db.py: 0
[2017-03-06 16:50:03] EDIT my_wiki/controllers/default.py: 0
[2017-03-06 16:50:34] EDIT my_wiki/controllers/default.py: -8
[2017-03-06 16:52:59] EDIT my_wiki/controllers/default.py: 8
[2017-03-06 16:53:15] EDIT my_wiki/controllers/default.py: -1
[2017-03-06 16:56:43] EDIT my_wiki/controllers/default.py: 6
[2017-03-06 16:58:01] EDIT my_wiki/controllers/default.py: 0
[2017-03-06 17:08:26] CREATE default/create.html: 0
[2017-03-06 17:08:45] CREATE default/show.html: 0
[2017-03-06 17:09:03] CREATE default/edit.html: 0
[2017-03-06 17:09:33] CREATE default/document.html: 0
[2017-03-06 17:09:49] CREATE default/search.html: 0
[2017-03-06 17:11:13] EDIT my_wiki/views/default/index.html: -46
[2017-03-06 17:12:17] EDIT my_wiki/views/default/create.html: 0
[2017-03-06 17:15:31] EDIT my_wiki/views/default/index.html: 4
[2017-03-06 17:15:42] EDIT my_wiki/views/default/index.html: 0
[2017-03-06 17:24:23] EDIT my_wiki/views/default/show.html: 5
[2017-03-06 17:24:58] EDIT my_wiki/views/default/show.html: 2
[2017-03-06 17:26:47] EDIT my_wiki/models/db.py: 0
[2017-03-06 17:27:39] EDIT my_wiki/models/db.py: 0
[2017-03-07 01:22:56] EDIT my_wiki/models/db.py: 1
[2017-03-07 01:23:06] EDIT my_wiki/models/db.py: 0
[2017-03-07 01:23:48] EDIT my_wiki/models/db.py: 2
[2017-03-07 01:24:18] EDIT my_wiki/models/db.py: 1
[2017-03-07 01:24:22] EDIT my_wiki/models/db.py: 0
[2017-03-07 01:24:32] EDIT my_wiki/models/db.py: 0
[2017-03-07 01:29:57] EDIT my_wiki/views/default/index.html: 0
[2017-03-07 01:32:47] EDIT my_wiki/views/default/show.html: 0
[2017-03-07 01:35:09] EDIT my_wiki/views/default/show.html: 1
[2017-03-07 01:35:37] EDIT my_wiki/views/default/show.html: -1
[2017-03-07 01:37:50] EDIT my_wiki/views/default/show.html: 1
[2017-03-07 01:38:07] EDIT my_wiki/views/default/show.html: 0
[2017-03-07 01:38:21] EDIT my_wiki/views/default/show.html: 0
[2017-03-07 01:38:34] EDIT my_wiki/views/default/show.html: 0
[2017-03-07 01:43:59] EDIT my_wiki/controllers/default.py: 1
[2017-03-07 01:45:03] EDIT my_wiki/views/default/show.html: 0
[2017-03-07 01:45:19] EDIT my_wiki/views/default/show.html: 0
[2017-03-07 01:45:21] EDIT my_wiki/views/default/show.html: 0
[2017-03-07 01:49:06] EDIT my_wiki/views/default/edit.html: 1
[2017-03-07 01:50:13] EDIT my_wiki/controllers/default.py: 0
[2017-03-07 01:51:02] EDIT my_wiki/controllers/default.py: 0
[2017-03-07 01:58:45] EDIT my_wiki/models/db.py: 1
[2017-03-07 02:02:35] EDIT my_wiki/views/default/document.html: 2
[2017-03-07 02:02:38] EDIT my_wiki/views/default/document.html: 0
[2017-03-07 02:03:27] EDIT my_wiki/views/default/document.html: 0
[2017-03-07 02:03:29] EDIT my_wiki/views/default/document.html: 0
[2017-03-07 02:05:50] EDIT my_wiki/views/default/show.html: 0
[2017-03-07 02:06:11] EDIT my_wiki/models/db.py: -1
[2017-03-07 02:07:35] EDIT my_wiki/models/db.py: 0
[2017-03-07 02:09:02] EDIT my_wiki/views/default/document.html: 0
[2017-03-07 02:09:07] EDIT my_wiki/views/default/document.html: 0
[2017-03-07 02:09:09] EDIT my_wiki/views/default/document.html: 0
[2017-03-07 02:12:00] EDIT my_wiki/controllers/default.py: 0
[2017-03-07 02:12:04] EDIT my_wiki/controllers/default.py: 0
[2017-03-07 02:12:12] EDIT my_wiki/controllers/default.py: 0
[2017-03-07 02:17:16] EDIT my_wiki/views/default/search.html: 1
[2017-03-07 02:17:24] EDIT my_wiki/views/default/search.html: 0
[2017-03-07 02:17:28] EDIT my_wiki/views/default/search.html: 0
[2017-03-07 02:19:47] EDIT my_wiki/controllers/default.py: 0
[2017-03-07 02:49:11] EDIT my_wiki/controllers/default.py: 5
[2017-03-07 02:55:01] EDIT my_wiki/controllers/default.py: 8
[2017-03-07 02:57:17] EDIT my_wiki/controllers/default.py: 0
[2017-03-07 02:57:26] EDIT my_wiki/controllers/default.py: 0
[2017-03-07 02:58:32] EDIT my_wiki/controllers/default.py: 0
[2017-03-07 02:58:47] EDIT my_wiki/controllers/default.py: 0
[2017-03-07 02:59:09] EDIT my_wiki/controllers/default.py: 0
[2017-03-07 03:00:31] EDIT my_wiki/controllers/default.py: 0
[2017-03-07 03:01:36] EDIT my_wiki/controllers/default.py: 0
[2017-03-07 03:02:19] EDIT my_wiki/controllers/default.py: 0
[2017-03-07 03:03:19] EDIT my_wiki/controllers/default.py: 0
[2017-03-07 03:04:06] EDIT my_wiki/controllers/default.py: 0
[2017-03-07 03:04:25] EDIT my_wiki/controllers/default.py: 0
[2017-03-07 03:04:59] EDIT my_wiki/controllers/default.py: 0
[2017-03-07 03:13:09] EDIT my_wiki/controllers/default.py: 7
[2017-03-07 03:31:20] CREATE default/manage_things.html: 0
[2017-03-07 03:32:52] EDIT my_wiki/controllers/default.py: 3
[2017-03-07 03:32:54] EDIT my_wiki/controllers/default.py: 0
[2017-03-07 03:33:37] EDIT my_wiki/models/db.py: 1
[2017-03-07 03:33:51] EDIT my_wiki/controllers/default.py: 0
[2017-03-07 03:34:05] EDIT my_wiki/views/default/manage_things.html: -2
[2017-03-07 03:34:45] EDIT my_wiki/views/default/manage_things.html: 1
[2017-03-07 03:36:42] EDIT my_wiki/models/db.py: 0
