timestamp: 2017-03-06T15:12:18.894000
CREATE TABLE auth_user(
    id INTEGER PRIMARY KEY AUTOINCREMENT,
    first_name CHAR(128),
    last_name CHAR(128),
    email CHAR(512),
    password CHAR(512),
    registration_key CHAR(512),
    reset_password_key CHAR(512),
    registration_id CHAR(512)
);
success!
timestamp: 2017-03-06T15:12:19.062000
CREATE TABLE auth_group(
    id INTEGER PRIMARY KEY AUTOINCREMENT,
    role CHAR(512),
    description TEXT
);
success!
timestamp: 2017-03-06T15:12:19.233000
CREATE TABLE auth_membership(
    id INTEGER PRIMARY KEY AUTOINCREMENT,
    user_id INTEGER REFERENCES auth_user (id) ON DELETE CASCADE  ,
    group_id INTEGER REFERENCES auth_group (id) ON DELETE CASCADE  
);
success!
timestamp: 2017-03-06T15:12:19.393000
CREATE TABLE auth_permission(
    id INTEGER PRIMARY KEY AUTOINCREMENT,
    group_id INTEGER REFERENCES auth_group (id) ON DELETE CASCADE  ,
    name CHAR(512),
    table_name CHAR(512),
    record_id INTEGER
);
success!
timestamp: 2017-03-06T15:12:19.535000
CREATE TABLE auth_event(
    id INTEGER PRIMARY KEY AUTOINCREMENT,
    time_stamp TIMESTAMP,
    client_ip CHAR(512),
    user_id INTEGER REFERENCES auth_user (id) ON DELETE CASCADE  ,
    origin CHAR(512),
    description TEXT
);
success!
timestamp: 2017-03-06T15:12:19.747000
CREATE TABLE auth_cas(
    id INTEGER PRIMARY KEY AUTOINCREMENT,
    user_id INTEGER REFERENCES auth_user (id) ON DELETE CASCADE  ,
    created_on TIMESTAMP,
    service CHAR(512),
    ticket CHAR(512),
    renew CHAR(1)
);
success!
timestamp: 2017-03-06T15:19:16.822000
CREATE TABLE page(
    id INTEGER PRIMARY KEY AUTOINCREMENT,
    title CHAR(512),
    body TEXT,
    created_on TIMESTAMP,
    created_by INTEGER REFERENCES auth_user (id) ON DELETE CASCADE  
);
success!
timestamp: 2017-03-06T17:27:53.149000
CREATE TABLE post(
    id INTEGER PRIMARY KEY AUTOINCREMENT,
    page_id INTEGER REFERENCES page (id) ON DELETE CASCADE  ,
    body TEXT,
    created_on TIMESTAMP,
    created_by INTEGER REFERENCES auth_user (id) ON DELETE CASCADE  
);
success!
timestamp: 2017-03-06T17:27:53.485000
CREATE TABLE document(
    id INTEGER PRIMARY KEY AUTOINCREMENT,
    page_id INTEGER REFERENCES page (id) ON DELETE CASCADE  ,
    body TEXT,
    created_on TIMESTAMP,
    created_by INTEGER REFERENCES auth_user (id) ON DELETE CASCADE  
);
success!
timestamp: 2017-03-07T01:24:07.366000
ALTER TABLE document ADD name CHAR(512);
timestamp: 2017-03-07T01:24:07.601000
ALTER TABLE document ADD file CHAR(512);
success!
timestamp: 2017-03-07T03:33:56.713000
CREATE TABLE thing(
    id INTEGER PRIMARY KEY AUTOINCREMENT,
    name CHAR(512)
);
success!
